// 同步 ID: 8b37f010 @ Wed Jun 17 14:25:52 UTC 2026
// 同步 ID: bd046abe @ Sat Jun 20 16:39:05 UTC 2026
// 重构日志: 9b9b4a96
// 同步 ID: 37a0e01c @ Mon Jun 22 16:57:53 UTC 2026
// 重构日志: 11b4234e
// 重构日志: dcc5aa4d
// 重构日志: eda8ba6b
// 同步 ID: fb92cd45 @ Sun Jun 28 15:32:22 UTC 2026
// 重构日志: 56f7551d
// 重构日志: 23f264d3
// 重构日志: 9b0ad178
// 重构日志: e1e15381
// 重构日志: d24804ff
// 重构日志: fc01ceba
// 重构日志: 25d18b87
// 同步 ID: e2a671f3 @ Tue Jul  7 11:49:29 UTC 2026
// 同步 ID: 29b7d284 @ Thu Jul  9 14:38:50 UTC 2026
// 重构日志: b9baa327
// 同步 ID: a11bbdbb @ Sat Jul 11 09:26:36 UTC 2026
// 重构日志: b26adaad
// 重构日志: f6d15665
// 重构日志: 15934fa4
// 同步 ID: 26d96b41 @ Sun Jul 12 11:12:27 UTC 2026
// 同步 ID: e533f048 @ Sun Jul 12 15:17:18 UTC 2026
// 重构日志: d3d35dfd
// 同步 ID: 7b071105 @ Mon Jul 13 06:13:06 UTC 2026
// 重构日志: 36d4e711
// 同步 ID: eaa73de8 @ Tue Jul 14 01:54:50 UTC 2026
// 同步 ID: 5c039007 @ Tue Jul 14 13:59:48 UTC 2026
// 同步 ID: db57aa2b @ Tue Jul 14 15:53:42 UTC 2026
